<?xml version="1.0" encoding="UTF-8"?>
<testsuite name="edu.pnu.SecurityJwtCorsApplicationTests" tests="1" skipped="0" failures="0" errors="0" timestamp="2024-01-29T08:29:37" hostname="DESKTOP-IE1U5OH" time="0.476">
  <properties/>
  <testcase name="contextLoads()" classname="edu.pnu.SecurityJwtCorsApplicationTests" time="0.476"/>
  <system-out><![CDATA[17:29:33.274 [Test worker] INFO org.springframework.test.context.support.AnnotationConfigContextLoaderUtils -- Could not detect default configuration classes for test class [edu.pnu.SecurityJwtCorsApplicationTests]: SecurityJwtCorsApplicationTests does not declare any static, non-private, non-final, nested classes annotated with @Configuration.
17:29:33.364 [Test worker] INFO org.springframework.boot.test.context.SpringBootTestContextBootstrapper -- Found @SpringBootConfiguration edu.pnu.SecurityJwtCorsApplication for test class edu.pnu.SecurityJwtCorsApplicationTests

  .   ____          _            __ _ _
 /\\ / ___'_ __ _ _(_)_ __  __ _ \ \ \ \
( ( )\___ | '_ | '_| | '_ \/ _` | \ \ \ \
 \\/  ___)| |_)| | | | | || (_| |  ) ) ) )
  '  |____| .__|_| |_|_| |_\__, | / / / /
 =========|_|==============|___/=/_/_/_/
 :: Spring Boot ::                (v3.2.2)

2024-01-29T17:29:33.768+09:00  INFO 2068 --- [    Test worker] e.pnu.SecurityJwtCorsApplicationTests    : Starting SecurityJwtCorsApplicationTests using Java 17.0.8 with PID 2068 (started by user in C:\workspace_springboot\SecurityJWT CORS)
2024-01-29T17:29:33.769+09:00  INFO 2068 --- [    Test worker] e.pnu.SecurityJwtCorsApplicationTests    : No active profile set, falling back to 1 default profile: "default"
2024-01-29T17:29:34.476+09:00  INFO 2068 --- [    Test worker] .s.d.r.c.RepositoryConfigurationDelegate : Bootstrapping Spring Data JPA repositories in DEFAULT mode.
2024-01-29T17:29:34.544+09:00  INFO 2068 --- [    Test worker] .s.d.r.c.RepositoryConfigurationDelegate : Finished Spring Data repository scanning in 58 ms. Found 1 JPA repository interface.
2024-01-29T17:29:35.016+09:00  INFO 2068 --- [    Test worker] o.hibernate.jpa.internal.util.LogHelper  : HHH000204: Processing PersistenceUnitInfo [name: default]
2024-01-29T17:29:35.075+09:00  INFO 2068 --- [    Test worker] org.hibernate.Version                    : HHH000412: Hibernate ORM core version 6.4.1.Final
2024-01-29T17:29:35.109+09:00  INFO 2068 --- [    Test worker] o.h.c.internal.RegionFactoryInitiator    : HHH000026: Second-level cache disabled
2024-01-29T17:29:35.362+09:00  INFO 2068 --- [    Test worker] o.s.o.j.p.SpringPersistenceUnitInfo      : No LoadTimeWeaver setup: ignoring JPA class transformer
2024-01-29T17:29:35.394+09:00  INFO 2068 --- [    Test worker] com.zaxxer.hikari.HikariDataSource       : HikariPool-1 - Starting...
2024-01-29T17:29:35.464+09:00  INFO 2068 --- [    Test worker] com.zaxxer.hikari.pool.HikariPool        : HikariPool-1 - Added connection conn0: url=jdbc:h2:tcp://localhost/~/.h2/securityjwtcors user=SA
2024-01-29T17:29:35.465+09:00  INFO 2068 --- [    Test worker] com.zaxxer.hikari.HikariDataSource       : HikariPool-1 - Start completed.
2024-01-29T17:29:35.490+09:00  WARN 2068 --- [    Test worker] org.hibernate.orm.deprecation            : HHH90000025: H2Dialect does not need to be specified explicitly using 'hibernate.dialect' (remove the property setting and it will be selected by default)
2024-01-29T17:29:36.289+09:00  INFO 2068 --- [    Test worker] o.h.e.t.j.p.i.JtaPlatformInitiator       : HHH000489: No JTA platform available (set 'hibernate.transaction.jta.platform' to enable JTA platform integration)
2024-01-29T17:29:36.330+09:00  INFO 2068 --- [    Test worker] j.LocalContainerEntityManagerFactoryBean : Initialized JPA EntityManagerFactory for persistence unit 'default'
2024-01-29T17:29:36.743+09:00  WARN 2068 --- [    Test worker] JpaBaseConfiguration$JpaWebConfiguration : spring.jpa.open-in-view is enabled by default. Therefore, database queries may be performed during view rendering. Explicitly configure spring.jpa.open-in-view to disable this warning
2024-01-29T17:29:36.854+09:00  INFO 2068 --- [    Test worker] o.s.b.a.w.s.WelcomePageHandlerMapping    : Adding welcome page: class path resource [static/index.html]
2024-01-29T17:29:37.100+09:00  INFO 2068 --- [    Test worker] o.s.s.web.DefaultSecurityFilterChain     : Will secure any request with [org.springframework.security.web.session.DisableEncodeUrlFilter@2784145d, org.springframework.security.web.context.request.async.WebAsyncManagerIntegrationFilter@4bd1b07d, org.springframework.security.web.context.SecurityContextHolderFilter@1529d534, org.springframework.security.web.header.HeaderWriterFilter@598ff2b3, org.springframework.web.filter.CorsFilter@7789526e, org.springframework.security.web.authentication.logout.LogoutFilter@5608e254, org.springframework.security.oauth2.client.web.OAuth2AuthorizationRequestRedirectFilter@574134ba, org.springframework.security.oauth2.client.web.OAuth2LoginAuthenticationFilter@451f3f66, edu.pnu.config.filter.JWTAuthenticationFilter@5fafd099, org.springframework.security.web.authentication.ui.DefaultLoginPageGeneratingFilter@52a605c3, org.springframework.security.web.authentication.ui.DefaultLogoutPageGeneratingFilter@580e01cd, org.springframework.security.web.savedrequest.RequestCacheAwareFilter@3c5cb013, org.springframework.security.web.servletapi.SecurityContextHolderAwareRequestFilter@5f69462f, org.springframework.security.web.authentication.AnonymousAuthenticationFilter@1e9a10e9, org.springframework.security.web.session.SessionManagementFilter@67cd193d, org.springframework.security.web.access.ExceptionTranslationFilter@5aa5b3af, edu.pnu.config.filter.JWTAuthorizationFilter@233d2b76, org.springframework.security.web.access.intercept.AuthorizationFilter@386ea60f]
2024-01-29T17:29:37.459+09:00  INFO 2068 --- [    Test worker] e.pnu.SecurityJwtCorsApplicationTests    : Started SecurityJwtCorsApplicationTests in 3.917 seconds (process running for 4.964)
]]></system-out>
  <system-err><![CDATA[]]></system-err>
</testsuite>
